{"log":
 [{"message":
   ".> LEAN_PATH=././.lake/build/lib LD_LIBRARY_PATH=:/usr/local/lib /home/yongkiam/.elan/toolchains/leanprover--lean4---v4.16.0/bin/lean -DautoImplicit=true ././././CakeML/Lib/Location.lean -R ./././. -o ././.lake/build/lib/CakeML/Lib/Location.olean -i ././.lake/build/lib/CakeML/Lib/Location.ilean -c ././.lake/build/ir/CakeML/Lib/Location.c --json",
   "level": "trace"},
  {"message": "././././CakeML/Lib/Location.lean:45:8: declaration uses 'sorry'",
   "level": "warning"},
  {"message": "././././CakeML/Lib/Location.lean:46:8: declaration uses 'sorry'",
   "level": "warning"},
  {"message": "././././CakeML/Lib/Location.lean:47:8: declaration uses 'sorry'",
   "level": "warning"},
  {"message": "././././CakeML/Lib/Location.lean:48:8: declaration uses 'sorry'",
   "level": "warning"},
  {"message": "././././CakeML/Lib/Location.lean:56:8: declaration uses 'sorry'",
   "level": "warning"},
  {"message": "././././CakeML/Lib/Location.lean:57:8: declaration uses 'sorry'",
   "level": "warning"},
  {"message": "././././CakeML/Lib/Location.lean:58:8: declaration uses 'sorry'",
   "level": "warning"},
  {"message": "././././CakeML/Lib/Location.lean:78:8: declaration uses 'sorry'",
   "level": "warning"},
  {"message": "././././CakeML/Lib/Location.lean:82:8: declaration uses 'sorry'",
   "level": "warning"},
  {"message": "././././CakeML/Lib/Location.lean:84:8: declaration uses 'sorry'",
   "level": "warning"}],
 "depHash": "6795293128497214199"}