{"log":
 [{"message":
   ".> LEAN_PATH=././.lake/build/lib LD_LIBRARY_PATH=:/usr/local/lib /home/yongkiam/.elan/toolchains/leanprover--lean4---v4.16.0/bin/lean -DautoImplicit=true ././././CakeML/Core/CmlPtreeConversion.lean -R ./././. -o ././.lake/build/lib/CakeML/Core/CmlPtreeConversion.olean -i ././.lake/build/lib/CakeML/Core/CmlPtreeConversion.ilean -c ././.lake/build/ir/CakeML/Core/CmlPtreeConversion.c --json",
   "level": "trace"},
  {"message":
   "././././CakeML/Core/CmlPtreeConversion.lean:319:8: declaration uses 'sorry'",
   "level": "warning"},
  {"message":
   "././././CakeML/Core/CmlPtreeConversion.lean:661:8: declaration uses 'sorry'",
   "level": "warning"},
  {"message":
   "././././CakeML/Core/CmlPtreeConversion.lean:662:8: declaration uses 'sorry'",
   "level": "warning"},
  {"message":
   "././././CakeML/Core/CmlPtreeConversion.lean:961:28: unused variable `nm`\nnote: this linter can be disabled with `set_option linter.unusedVariables false`",
   "level": "warning"},
  {"message":
   "././././CakeML/Core/CmlPtreeConversion.lean:1145:8: declaration uses 'sorry'",
   "level": "warning"},
  {"message":
   "././././CakeML/Core/CmlPtreeConversion.lean:1146:8: declaration uses 'sorry'",
   "level": "warning"},
  {"message":
   "././././CakeML/Core/CmlPtreeConversion.lean:1147:8: declaration uses 'sorry'",
   "level": "warning"},
  {"message":
   "././././CakeML/Core/CmlPtreeConversion.lean:1148:8: declaration uses 'sorry'",
   "level": "warning"}],
 "depHash": "6488669519479676029"}