{"log":
 [{"message":
   ".> LEAN_PATH=././.lake/build/lib LD_LIBRARY_PATH=:/usr/local/lib /home/yongkiam/.elan/toolchains/leanprover--lean4---v4.16.0/bin/lean -DautoImplicit=true ././././CakeML/Core/Misc.lean -R ./././. -o ././.lake/build/lib/CakeML/Core/Misc.olean -i ././.lake/build/lib/CakeML/Core/Misc.ilean -c ././.lake/build/ir/CakeML/Core/Misc.c --json",
   "level": "trace"},
  {"message": "././././CakeML/Core/Misc.lean:37:7: declaration uses 'sorry'",
   "level": "warning"},
  {"message": "././././CakeML/Core/Misc.lean:41:7: declaration uses 'sorry'",
   "level": "warning"},
  {"message": "././././CakeML/Core/Misc.lean:43:7: declaration uses 'sorry'",
   "level": "warning"},
  {"message": "././././CakeML/Core/Misc.lean:45:7: declaration uses 'sorry'",
   "level": "warning"},
  {"message": "././././CakeML/Core/Misc.lean:55:7: declaration uses 'sorry'",
   "level": "warning"},
  {"message": "././././CakeML/Core/Misc.lean:57:7: declaration uses 'sorry'",
   "level": "warning"},
  {"message": "././././CakeML/Core/Misc.lean:59:7: declaration uses 'sorry'",
   "level": "warning"},
  {"message": "././././CakeML/Core/Misc.lean:76:7: declaration uses 'sorry'",
   "level": "warning"},
  {"message": "././././CakeML/Core/Misc.lean:78:7: declaration uses 'sorry'",
   "level": "warning"},
  {"message": "././././CakeML/Core/Misc.lean:263:18: declaration uses 'sorry'",
   "level": "warning"},
  {"message": "././././CakeML/Core/Misc.lean:263:18: declaration uses 'sorry'",
   "level": "warning"},
  {"message": "././././CakeML/Core/Misc.lean:441:18: declaration uses 'sorry'",
   "level": "warning"},
  {"message": "././././CakeML/Core/Misc.lean:572:8: declaration uses 'sorry'",
   "level": "warning"},
  {"message": "././././CakeML/Core/Misc.lean:574:8: declaration uses 'sorry'",
   "level": "warning"},
  {"message": "././././CakeML/Core/Misc.lean:578:8: declaration uses 'sorry'",
   "level": "warning"},
  {"message": "././././CakeML/Core/Misc.lean:580:8: declaration uses 'sorry'",
   "level": "warning"},
  {"message": "././././CakeML/Core/Misc.lean:583:8: declaration uses 'sorry'",
   "level": "warning"},
  {"message": "././././CakeML/Core/Misc.lean:586:8: declaration uses 'sorry'",
   "level": "warning"},
  {"message": "././././CakeML/Core/Misc.lean:588:8: declaration uses 'sorry'",
   "level": "warning"},
  {"message": "././././CakeML/Core/Misc.lean:590:8: declaration uses 'sorry'",
   "level": "warning"},
  {"message": "././././CakeML/Core/Misc.lean:594:8: declaration uses 'sorry'",
   "level": "warning"},
  {"message": "././././CakeML/Core/Misc.lean:600:8: declaration uses 'sorry'",
   "level": "warning"},
  {"message": "././././CakeML/Core/Misc.lean:602:8: declaration uses 'sorry'",
   "level": "warning"},
  {"message": "././././CakeML/Core/Misc.lean:604:8: declaration uses 'sorry'",
   "level": "warning"},
  {"message": "././././CakeML/Core/Misc.lean:606:8: declaration uses 'sorry'",
   "level": "warning"},
  {"message": "././././CakeML/Core/Misc.lean:608:8: declaration uses 'sorry'",
   "level": "warning"},
  {"message": "././././CakeML/Core/Misc.lean:612:8: declaration uses 'sorry'",
   "level": "warning"},
  {"message": "././././CakeML/Core/Misc.lean:613:8: declaration uses 'sorry'",
   "level": "warning"},
  {"message": "././././CakeML/Core/Misc.lean:614:8: declaration uses 'sorry'",
   "level": "warning"},
  {"message": "././././CakeML/Core/Misc.lean:615:8: declaration uses 'sorry'",
   "level": "warning"},
  {"message": "././././CakeML/Core/Misc.lean:616:8: declaration uses 'sorry'",
   "level": "warning"},
  {"message": "././././CakeML/Core/Misc.lean:617:8: declaration uses 'sorry'",
   "level": "warning"},
  {"message": "././././CakeML/Core/Misc.lean:621:8: declaration uses 'sorry'",
   "level": "warning"},
  {"message": "././././CakeML/Core/Misc.lean:624:8: declaration uses 'sorry'",
   "level": "warning"},
  {"message": "././././CakeML/Core/Misc.lean:627:8: declaration uses 'sorry'",
   "level": "warning"},
  {"message": "././././CakeML/Core/Misc.lean:630:8: declaration uses 'sorry'",
   "level": "warning"},
  {"message": "././././CakeML/Core/Misc.lean:633:8: declaration uses 'sorry'",
   "level": "warning"},
  {"message": "././././CakeML/Core/Misc.lean:640:8: declaration uses 'sorry'",
   "level": "warning"},
  {"message": "././././CakeML/Core/Misc.lean:643:8: declaration uses 'sorry'",
   "level": "warning"},
  {"message": "././././CakeML/Core/Misc.lean:648:8: declaration uses 'sorry'",
   "level": "warning"},
  {"message": "././././CakeML/Core/Misc.lean:649:8: declaration uses 'sorry'",
   "level": "warning"},
  {"message": "././././CakeML/Core/Misc.lean:651:8: declaration uses 'sorry'",
   "level": "warning"},
  {"message": "././././CakeML/Core/Misc.lean:655:8: declaration uses 'sorry'",
   "level": "warning"},
  {"message": "././././CakeML/Core/Misc.lean:656:8: declaration uses 'sorry'",
   "level": "warning"},
  {"message": "././././CakeML/Core/Misc.lean:657:8: declaration uses 'sorry'",
   "level": "warning"},
  {"message": "././././CakeML/Core/Misc.lean:658:8: declaration uses 'sorry'",
   "level": "warning"},
  {"message": "././././CakeML/Core/Misc.lean:659:8: declaration uses 'sorry'",
   "level": "warning"},
  {"message": "././././CakeML/Core/Misc.lean:660:8: declaration uses 'sorry'",
   "level": "warning"},
  {"message": "././././CakeML/Core/Misc.lean:661:8: declaration uses 'sorry'",
   "level": "warning"},
  {"message": "././././CakeML/Core/Misc.lean:662:8: declaration uses 'sorry'",
   "level": "warning"},
  {"message": "././././CakeML/Core/Misc.lean:666:8: declaration uses 'sorry'",
   "level": "warning"},
  {"message": "././././CakeML/Core/Misc.lean:667:8: declaration uses 'sorry'",
   "level": "warning"},
  {"message": "././././CakeML/Core/Misc.lean:668:8: declaration uses 'sorry'",
   "level": "warning"},
  {"message": "././././CakeML/Core/Misc.lean:669:8: declaration uses 'sorry'",
   "level": "warning"},
  {"message": "././././CakeML/Core/Misc.lean:670:8: declaration uses 'sorry'",
   "level": "warning"},
  {"message": "././././CakeML/Core/Misc.lean:674:8: declaration uses 'sorry'",
   "level": "warning"},
  {"message": "././././CakeML/Core/Misc.lean:675:8: declaration uses 'sorry'",
   "level": "warning"},
  {"message": "././././CakeML/Core/Misc.lean:676:8: declaration uses 'sorry'",
   "level": "warning"},
  {"message": "././././CakeML/Core/Misc.lean:677:8: declaration uses 'sorry'",
   "level": "warning"},
  {"message": "././././CakeML/Core/Misc.lean:678:8: declaration uses 'sorry'",
   "level": "warning"},
  {"message": "././././CakeML/Core/Misc.lean:679:8: declaration uses 'sorry'",
   "level": "warning"},
  {"message": "././././CakeML/Core/Misc.lean:680:8: declaration uses 'sorry'",
   "level": "warning"},
  {"message": "././././CakeML/Core/Misc.lean:681:8: declaration uses 'sorry'",
   "level": "warning"},
  {"message": "././././CakeML/Core/Misc.lean:682:8: declaration uses 'sorry'",
   "level": "warning"},
  {"message": "././././CakeML/Core/Misc.lean:686:8: declaration uses 'sorry'",
   "level": "warning"},
  {"message": "././././CakeML/Core/Misc.lean:689:8: declaration uses 'sorry'",
   "level": "warning"},
  {"message": "././././CakeML/Core/Misc.lean:690:8: declaration uses 'sorry'",
   "level": "warning"},
  {"message": "././././CakeML/Core/Misc.lean:694:8: declaration uses 'sorry'",
   "level": "warning"},
  {"message": "././././CakeML/Core/Misc.lean:700:8: declaration uses 'sorry'",
   "level": "warning"},
  {"message": "././././CakeML/Core/Misc.lean:701:8: declaration uses 'sorry'",
   "level": "warning"},
  {"message": "././././CakeML/Core/Misc.lean:702:8: declaration uses 'sorry'",
   "level": "warning"},
  {"message": "././././CakeML/Core/Misc.lean:703:8: declaration uses 'sorry'",
   "level": "warning"},
  {"message": "././././CakeML/Core/Misc.lean:704:8: declaration uses 'sorry'",
   "level": "warning"},
  {"message": "././././CakeML/Core/Misc.lean:708:8: declaration uses 'sorry'",
   "level": "warning"},
  {"message": "././././CakeML/Core/Misc.lean:709:8: declaration uses 'sorry'",
   "level": "warning"},
  {"message": "././././CakeML/Core/Misc.lean:710:8: declaration uses 'sorry'",
   "level": "warning"},
  {"message": "././././CakeML/Core/Misc.lean:711:8: declaration uses 'sorry'",
   "level": "warning"},
  {"message": "././././CakeML/Core/Misc.lean:715:8: declaration uses 'sorry'",
   "level": "warning"},
  {"message": "././././CakeML/Core/Misc.lean:716:8: declaration uses 'sorry'",
   "level": "warning"},
  {"message": "././././CakeML/Core/Misc.lean:717:8: declaration uses 'sorry'",
   "level": "warning"},
  {"message": "././././CakeML/Core/Misc.lean:718:8: declaration uses 'sorry'",
   "level": "warning"},
  {"message": "././././CakeML/Core/Misc.lean:719:8: declaration uses 'sorry'",
   "level": "warning"},
  {"message": "././././CakeML/Core/Misc.lean:720:8: declaration uses 'sorry'",
   "level": "warning"},
  {"message": "././././CakeML/Core/Misc.lean:721:8: declaration uses 'sorry'",
   "level": "warning"},
  {"message": "././././CakeML/Core/Misc.lean:722:8: declaration uses 'sorry'",
   "level": "warning"},
  {"message": "././././CakeML/Core/Misc.lean:726:8: declaration uses 'sorry'",
   "level": "warning"},
  {"message": "././././CakeML/Core/Misc.lean:727:8: declaration uses 'sorry'",
   "level": "warning"},
  {"message": "././././CakeML/Core/Misc.lean:728:8: declaration uses 'sorry'",
   "level": "warning"},
  {"message": "././././CakeML/Core/Misc.lean:729:8: declaration uses 'sorry'",
   "level": "warning"},
  {"message": "././././CakeML/Core/Misc.lean:730:8: declaration uses 'sorry'",
   "level": "warning"},
  {"message": "././././CakeML/Core/Misc.lean:731:8: declaration uses 'sorry'",
   "level": "warning"},
  {"message": "././././CakeML/Core/Misc.lean:732:8: declaration uses 'sorry'",
   "level": "warning"},
  {"message": "././././CakeML/Core/Misc.lean:733:8: declaration uses 'sorry'",
   "level": "warning"},
  {"message": "././././CakeML/Core/Misc.lean:734:8: declaration uses 'sorry'",
   "level": "warning"},
  {"message": "././././CakeML/Core/Misc.lean:738:8: declaration uses 'sorry'",
   "level": "warning"},
  {"message": "././././CakeML/Core/Misc.lean:740:8: declaration uses 'sorry'",
   "level": "warning"},
  {"message": "././././CakeML/Core/Misc.lean:745:8: declaration uses 'sorry'",
   "level": "warning"},
  {"message": "././././CakeML/Core/Misc.lean:746:8: declaration uses 'sorry'",
   "level": "warning"},
  {"message": "././././CakeML/Core/Misc.lean:747:8: declaration uses 'sorry'",
   "level": "warning"},
  {"message": "././././CakeML/Core/Misc.lean:751:8: declaration uses 'sorry'",
   "level": "warning"},
  {"message": "././././CakeML/Core/Misc.lean:752:8: declaration uses 'sorry'",
   "level": "warning"},
  {"message": "././././CakeML/Core/Misc.lean:756:8: declaration uses 'sorry'",
   "level": "warning"},
  {"message": "././././CakeML/Core/Misc.lean:757:8: declaration uses 'sorry'",
   "level": "warning"},
  {"message": "././././CakeML/Core/Misc.lean:758:8: declaration uses 'sorry'",
   "level": "warning"},
  {"message": "././././CakeML/Core/Misc.lean:760:8: declaration uses 'sorry'",
   "level": "warning"},
  {"message": "././././CakeML/Core/Misc.lean:764:8: declaration uses 'sorry'",
   "level": "warning"},
  {"message": "././././CakeML/Core/Misc.lean:765:8: declaration uses 'sorry'",
   "level": "warning"},
  {"message": "././././CakeML/Core/Misc.lean:767:8: declaration uses 'sorry'",
   "level": "warning"},
  {"message": "././././CakeML/Core/Misc.lean:771:8: declaration uses 'sorry'",
   "level": "warning"},
  {"message": "././././CakeML/Core/Misc.lean:772:8: declaration uses 'sorry'",
   "level": "warning"},
  {"message": "././././CakeML/Core/Misc.lean:773:8: declaration uses 'sorry'",
   "level": "warning"},
  {"message": "././././CakeML/Core/Misc.lean:774:8: declaration uses 'sorry'",
   "level": "warning"},
  {"message": "././././CakeML/Core/Misc.lean:775:8: declaration uses 'sorry'",
   "level": "warning"},
  {"message": "././././CakeML/Core/Misc.lean:776:8: declaration uses 'sorry'",
   "level": "warning"},
  {"message": "././././CakeML/Core/Misc.lean:777:8: declaration uses 'sorry'",
   "level": "warning"},
  {"message": "././././CakeML/Core/Misc.lean:778:8: declaration uses 'sorry'",
   "level": "warning"},
  {"message": "././././CakeML/Core/Misc.lean:779:8: declaration uses 'sorry'",
   "level": "warning"},
  {"message": "././././CakeML/Core/Misc.lean:780:8: declaration uses 'sorry'",
   "level": "warning"},
  {"message": "././././CakeML/Core/Misc.lean:781:8: declaration uses 'sorry'",
   "level": "warning"},
  {"message": "././././CakeML/Core/Misc.lean:782:8: declaration uses 'sorry'",
   "level": "warning"},
  {"message": "././././CakeML/Core/Misc.lean:783:8: declaration uses 'sorry'",
   "level": "warning"},
  {"message": "././././CakeML/Core/Misc.lean:784:8: declaration uses 'sorry'",
   "level": "warning"},
  {"message": "././././CakeML/Core/Misc.lean:785:8: declaration uses 'sorry'",
   "level": "warning"},
  {"message": "././././CakeML/Core/Misc.lean:789:8: declaration uses 'sorry'",
   "level": "warning"},
  {"message": "././././CakeML/Core/Misc.lean:790:8: declaration uses 'sorry'",
   "level": "warning"},
  {"message": "././././CakeML/Core/Misc.lean:794:8: declaration uses 'sorry'",
   "level": "warning"},
  {"message": "././././CakeML/Core/Misc.lean:795:8: declaration uses 'sorry'",
   "level": "warning"},
  {"message": "././././CakeML/Core/Misc.lean:796:8: declaration uses 'sorry'",
   "level": "warning"},
  {"message": "././././CakeML/Core/Misc.lean:797:8: declaration uses 'sorry'",
   "level": "warning"},
  {"message": "././././CakeML/Core/Misc.lean:801:8: declaration uses 'sorry'",
   "level": "warning"},
  {"message": "././././CakeML/Core/Misc.lean:805:8: declaration uses 'sorry'",
   "level": "warning"},
  {"message": "././././CakeML/Core/Misc.lean:809:8: declaration uses 'sorry'",
   "level": "warning"},
  {"message": "././././CakeML/Core/Misc.lean:810:8: declaration uses 'sorry'",
   "level": "warning"},
  {"message": "././././CakeML/Core/Misc.lean:811:8: declaration uses 'sorry'",
   "level": "warning"},
  {"message": "././././CakeML/Core/Misc.lean:815:8: declaration uses 'sorry'",
   "level": "warning"},
  {"message": "././././CakeML/Core/Misc.lean:820:8: declaration uses 'sorry'",
   "level": "warning"},
  {"message": "././././CakeML/Core/Misc.lean:824:8: declaration uses 'sorry'",
   "level": "warning"},
  {"message": "././././CakeML/Core/Misc.lean:825:8: declaration uses 'sorry'",
   "level": "warning"},
  {"message": "././././CakeML/Core/Misc.lean:826:8: declaration uses 'sorry'",
   "level": "warning"},
  {"message": "././././CakeML/Core/Misc.lean:827:8: declaration uses 'sorry'",
   "level": "warning"},
  {"message": "././././CakeML/Core/Misc.lean:831:8: declaration uses 'sorry'",
   "level": "warning"},
  {"message": "././././CakeML/Core/Misc.lean:835:8: declaration uses 'sorry'",
   "level": "warning"},
  {"message": "././././CakeML/Core/Misc.lean:836:8: declaration uses 'sorry'",
   "level": "warning"},
  {"message": "././././CakeML/Core/Misc.lean:840:8: declaration uses 'sorry'",
   "level": "warning"},
  {"message": "././././CakeML/Core/Misc.lean:841:8: declaration uses 'sorry'",
   "level": "warning"},
  {"message": "././././CakeML/Core/Misc.lean:842:8: declaration uses 'sorry'",
   "level": "warning"},
  {"message": "././././CakeML/Core/Misc.lean:846:8: declaration uses 'sorry'",
   "level": "warning"},
  {"message": "././././CakeML/Core/Misc.lean:847:8: declaration uses 'sorry'",
   "level": "warning"},
  {"message": "././././CakeML/Core/Misc.lean:848:8: declaration uses 'sorry'",
   "level": "warning"},
  {"message": "././././CakeML/Core/Misc.lean:849:8: declaration uses 'sorry'",
   "level": "warning"},
  {"message": "././././CakeML/Core/Misc.lean:850:8: declaration uses 'sorry'",
   "level": "warning"},
  {"message": "././././CakeML/Core/Misc.lean:851:8: declaration uses 'sorry'",
   "level": "warning"},
  {"message": "././././CakeML/Core/Misc.lean:852:8: declaration uses 'sorry'",
   "level": "warning"},
  {"message": "././././CakeML/Core/Misc.lean:856:8: declaration uses 'sorry'",
   "level": "warning"},
  {"message": "././././CakeML/Core/Misc.lean:857:8: declaration uses 'sorry'",
   "level": "warning"},
  {"message": "././././CakeML/Core/Misc.lean:858:8: declaration uses 'sorry'",
   "level": "warning"},
  {"message": "././././CakeML/Core/Misc.lean:859:8: declaration uses 'sorry'",
   "level": "warning"},
  {"message": "././././CakeML/Core/Misc.lean:860:8: declaration uses 'sorry'",
   "level": "warning"},
  {"message": "././././CakeML/Core/Misc.lean:864:8: declaration uses 'sorry'",
   "level": "warning"},
  {"message": "././././CakeML/Core/Misc.lean:865:8: declaration uses 'sorry'",
   "level": "warning"},
  {"message": "././././CakeML/Core/Misc.lean:867:8: declaration uses 'sorry'",
   "level": "warning"},
  {"message": "././././CakeML/Core/Misc.lean:871:8: declaration uses 'sorry'",
   "level": "warning"},
  {"message": "././././CakeML/Core/Misc.lean:872:8: declaration uses 'sorry'",
   "level": "warning"},
  {"message": "././././CakeML/Core/Misc.lean:873:8: declaration uses 'sorry'",
   "level": "warning"},
  {"message": "././././CakeML/Core/Misc.lean:874:8: declaration uses 'sorry'",
   "level": "warning"},
  {"message": "././././CakeML/Core/Misc.lean:875:8: declaration uses 'sorry'",
   "level": "warning"},
  {"message": "././././CakeML/Core/Misc.lean:879:8: declaration uses 'sorry'",
   "level": "warning"},
  {"message": "././././CakeML/Core/Misc.lean:880:8: declaration uses 'sorry'",
   "level": "warning"},
  {"message": "././././CakeML/Core/Misc.lean:884:8: declaration uses 'sorry'",
   "level": "warning"},
  {"message": "././././CakeML/Core/Misc.lean:885:8: declaration uses 'sorry'",
   "level": "warning"},
  {"message": "././././CakeML/Core/Misc.lean:889:8: declaration uses 'sorry'",
   "level": "warning"},
  {"message": "././././CakeML/Core/Misc.lean:895:8: declaration uses 'sorry'",
   "level": "warning"},
  {"message": "././././CakeML/Core/Misc.lean:899:8: declaration uses 'sorry'",
   "level": "warning"},
  {"message": "././././CakeML/Core/Misc.lean:900:8: declaration uses 'sorry'",
   "level": "warning"},
  {"message": "././././CakeML/Core/Misc.lean:901:8: declaration uses 'sorry'",
   "level": "warning"},
  {"message": "././././CakeML/Core/Misc.lean:902:8: declaration uses 'sorry'",
   "level": "warning"},
  {"message": "././././CakeML/Core/Misc.lean:903:8: declaration uses 'sorry'",
   "level": "warning"},
  {"message": "././././CakeML/Core/Misc.lean:904:8: declaration uses 'sorry'",
   "level": "warning"},
  {"message": "././././CakeML/Core/Misc.lean:908:8: declaration uses 'sorry'",
   "level": "warning"},
  {"message": "././././CakeML/Core/Misc.lean:912:8: declaration uses 'sorry'",
   "level": "warning"},
  {"message": "././././CakeML/Core/Misc.lean:915:8: declaration uses 'sorry'",
   "level": "warning"},
  {"message": "././././CakeML/Core/Misc.lean:916:8: declaration uses 'sorry'",
   "level": "warning"},
  {"message": "././././CakeML/Core/Misc.lean:917:8: declaration uses 'sorry'",
   "level": "warning"},
  {"message": "././././CakeML/Core/Misc.lean:918:8: declaration uses 'sorry'",
   "level": "warning"},
  {"message": "././././CakeML/Core/Misc.lean:919:8: declaration uses 'sorry'",
   "level": "warning"},
  {"message": "././././CakeML/Core/Misc.lean:920:8: declaration uses 'sorry'",
   "level": "warning"},
  {"message": "././././CakeML/Core/Misc.lean:921:8: declaration uses 'sorry'",
   "level": "warning"},
  {"message": "././././CakeML/Core/Misc.lean:922:8: declaration uses 'sorry'",
   "level": "warning"},
  {"message": "././././CakeML/Core/Misc.lean:926:8: declaration uses 'sorry'",
   "level": "warning"},
  {"message": "././././CakeML/Core/Misc.lean:927:8: declaration uses 'sorry'",
   "level": "warning"},
  {"message": "././././CakeML/Core/Misc.lean:928:8: declaration uses 'sorry'",
   "level": "warning"},
  {"message": "././././CakeML/Core/Misc.lean:929:8: declaration uses 'sorry'",
   "level": "warning"},
  {"message": "././././CakeML/Core/Misc.lean:930:8: declaration uses 'sorry'",
   "level": "warning"},
  {"message": "././././CakeML/Core/Misc.lean:931:8: declaration uses 'sorry'",
   "level": "warning"},
  {"message": "././././CakeML/Core/Misc.lean:935:8: declaration uses 'sorry'",
   "level": "warning"},
  {"message": "././././CakeML/Core/Misc.lean:936:8: declaration uses 'sorry'",
   "level": "warning"},
  {"message": "././././CakeML/Core/Misc.lean:937:8: declaration uses 'sorry'",
   "level": "warning"},
  {"message": "././././CakeML/Core/Misc.lean:938:8: declaration uses 'sorry'",
   "level": "warning"},
  {"message": "././././CakeML/Core/Misc.lean:939:8: declaration uses 'sorry'",
   "level": "warning"},
  {"message": "././././CakeML/Core/Misc.lean:940:8: declaration uses 'sorry'",
   "level": "warning"},
  {"message": "././././CakeML/Core/Misc.lean:941:8: declaration uses 'sorry'",
   "level": "warning"},
  {"message": "././././CakeML/Core/Misc.lean:945:8: declaration uses 'sorry'",
   "level": "warning"},
  {"message": "././././CakeML/Core/Misc.lean:946:8: declaration uses 'sorry'",
   "level": "warning"},
  {"message": "././././CakeML/Core/Misc.lean:950:8: declaration uses 'sorry'",
   "level": "warning"},
  {"message": "././././CakeML/Core/Misc.lean:954:8: declaration uses 'sorry'",
   "level": "warning"},
  {"message": "././././CakeML/Core/Misc.lean:955:8: declaration uses 'sorry'",
   "level": "warning"},
  {"message": "././././CakeML/Core/Misc.lean:956:8: declaration uses 'sorry'",
   "level": "warning"},
  {"message": "././././CakeML/Core/Misc.lean:960:8: declaration uses 'sorry'",
   "level": "warning"},
  {"message": "././././CakeML/Core/Misc.lean:961:8: declaration uses 'sorry'",
   "level": "warning"},
  {"message": "././././CakeML/Core/Misc.lean:965:8: declaration uses 'sorry'",
   "level": "warning"},
  {"message": "././././CakeML/Core/Misc.lean:966:8: declaration uses 'sorry'",
   "level": "warning"},
  {"message": "././././CakeML/Core/Misc.lean:970:8: declaration uses 'sorry'",
   "level": "warning"},
  {"message": "././././CakeML/Core/Misc.lean:971:8: declaration uses 'sorry'",
   "level": "warning"},
  {"message": "././././CakeML/Core/Misc.lean:972:8: declaration uses 'sorry'",
   "level": "warning"},
  {"message": "././././CakeML/Core/Misc.lean:976:8: declaration uses 'sorry'",
   "level": "warning"},
  {"message": "././././CakeML/Core/Misc.lean:977:8: declaration uses 'sorry'",
   "level": "warning"},
  {"message": "././././CakeML/Core/Misc.lean:978:8: declaration uses 'sorry'",
   "level": "warning"},
  {"message": "././././CakeML/Core/Misc.lean:982:8: declaration uses 'sorry'",
   "level": "warning"},
  {"message": "././././CakeML/Core/Misc.lean:983:8: declaration uses 'sorry'",
   "level": "warning"},
  {"message": "././././CakeML/Core/Misc.lean:987:8: declaration uses 'sorry'",
   "level": "warning"},
  {"message": "././././CakeML/Core/Misc.lean:991:8: declaration uses 'sorry'",
   "level": "warning"},
  {"message": "././././CakeML/Core/Misc.lean:992:8: declaration uses 'sorry'",
   "level": "warning"},
  {"message": "././././CakeML/Core/Misc.lean:993:8: declaration uses 'sorry'",
   "level": "warning"},
  {"message": "././././CakeML/Core/Misc.lean:997:8: declaration uses 'sorry'",
   "level": "warning"},
  {"message": "././././CakeML/Core/Misc.lean:998:8: declaration uses 'sorry'",
   "level": "warning"},
  {"message": "././././CakeML/Core/Misc.lean:999:8: declaration uses 'sorry'",
   "level": "warning"},
  {"message": "././././CakeML/Core/Misc.lean:1000:8: declaration uses 'sorry'",
   "level": "warning"},
  {"message": "././././CakeML/Core/Misc.lean:1001:8: declaration uses 'sorry'",
   "level": "warning"},
  {"message": "././././CakeML/Core/Misc.lean:1002:8: declaration uses 'sorry'",
   "level": "warning"},
  {"message": "././././CakeML/Core/Misc.lean:1006:8: declaration uses 'sorry'",
   "level": "warning"},
  {"message": "././././CakeML/Core/Misc.lean:1007:8: declaration uses 'sorry'",
   "level": "warning"},
  {"message": "././././CakeML/Core/Misc.lean:1008:8: declaration uses 'sorry'",
   "level": "warning"},
  {"message": "././././CakeML/Core/Misc.lean:1009:8: declaration uses 'sorry'",
   "level": "warning"},
  {"message": "././././CakeML/Core/Misc.lean:1013:8: declaration uses 'sorry'",
   "level": "warning"},
  {"message": "././././CakeML/Core/Misc.lean:1014:8: declaration uses 'sorry'",
   "level": "warning"},
  {"message": "././././CakeML/Core/Misc.lean:1018:8: declaration uses 'sorry'",
   "level": "warning"},
  {"message": "././././CakeML/Core/Misc.lean:1022:8: declaration uses 'sorry'",
   "level": "warning"},
  {"message": "././././CakeML/Core/Misc.lean:1023:8: declaration uses 'sorry'",
   "level": "warning"},
  {"message": "././././CakeML/Core/Misc.lean:1027:8: declaration uses 'sorry'",
   "level": "warning"},
  {"message": "././././CakeML/Core/Misc.lean:1028:8: declaration uses 'sorry'",
   "level": "warning"},
  {"message": "././././CakeML/Core/Misc.lean:1029:8: declaration uses 'sorry'",
   "level": "warning"},
  {"message": "././././CakeML/Core/Misc.lean:1030:8: declaration uses 'sorry'",
   "level": "warning"},
  {"message": "././././CakeML/Core/Misc.lean:1031:8: declaration uses 'sorry'",
   "level": "warning"},
  {"message": "././././CakeML/Core/Misc.lean:1032:8: declaration uses 'sorry'",
   "level": "warning"},
  {"message": "././././CakeML/Core/Misc.lean:1033:8: declaration uses 'sorry'",
   "level": "warning"},
  {"message": "././././CakeML/Core/Misc.lean:1034:8: declaration uses 'sorry'",
   "level": "warning"},
  {"message": "././././CakeML/Core/Misc.lean:1035:8: declaration uses 'sorry'",
   "level": "warning"},
  {"message": "././././CakeML/Core/Misc.lean:1036:8: declaration uses 'sorry'",
   "level": "warning"},
  {"message": "././././CakeML/Core/Misc.lean:1037:8: declaration uses 'sorry'",
   "level": "warning"},
  {"message": "././././CakeML/Core/Misc.lean:1038:8: declaration uses 'sorry'",
   "level": "warning"},
  {"message": "././././CakeML/Core/Misc.lean:1039:8: declaration uses 'sorry'",
   "level": "warning"},
  {"message": "././././CakeML/Core/Misc.lean:1040:8: declaration uses 'sorry'",
   "level": "warning"},
  {"message": "././././CakeML/Core/Misc.lean:1041:8: declaration uses 'sorry'",
   "level": "warning"},
  {"message": "././././CakeML/Core/Misc.lean:1042:8: declaration uses 'sorry'",
   "level": "warning"},
  {"message": "././././CakeML/Core/Misc.lean:1046:8: declaration uses 'sorry'",
   "level": "warning"},
  {"message": "././././CakeML/Core/Misc.lean:1047:8: declaration uses 'sorry'",
   "level": "warning"},
  {"message": "././././CakeML/Core/Misc.lean:1048:8: declaration uses 'sorry'",
   "level": "warning"},
  {"message": "././././CakeML/Core/Misc.lean:1049:8: declaration uses 'sorry'",
   "level": "warning"},
  {"message": "././././CakeML/Core/Misc.lean:1054:8: declaration uses 'sorry'",
   "level": "warning"},
  {"message": "././././CakeML/Core/Misc.lean:1055:8: declaration uses 'sorry'",
   "level": "warning"},
  {"message": "././././CakeML/Core/Misc.lean:1056:8: declaration uses 'sorry'",
   "level": "warning"},
  {"message": "././././CakeML/Core/Misc.lean:1057:8: declaration uses 'sorry'",
   "level": "warning"},
  {"message": "././././CakeML/Core/Misc.lean:1061:8: declaration uses 'sorry'",
   "level": "warning"},
  {"message": "././././CakeML/Core/Misc.lean:1062:8: declaration uses 'sorry'",
   "level": "warning"},
  {"message": "././././CakeML/Core/Misc.lean:1063:8: declaration uses 'sorry'",
   "level": "warning"},
  {"message": "././././CakeML/Core/Misc.lean:1064:8: declaration uses 'sorry'",
   "level": "warning"},
  {"message": "././././CakeML/Core/Misc.lean:1065:8: declaration uses 'sorry'",
   "level": "warning"},
  {"message": "././././CakeML/Core/Misc.lean:1066:8: declaration uses 'sorry'",
   "level": "warning"},
  {"message": "././././CakeML/Core/Misc.lean:1070:8: declaration uses 'sorry'",
   "level": "warning"},
  {"message": "././././CakeML/Core/Misc.lean:1071:8: declaration uses 'sorry'",
   "level": "warning"},
  {"message": "././././CakeML/Core/Misc.lean:1072:8: declaration uses 'sorry'",
   "level": "warning"},
  {"message": "././././CakeML/Core/Misc.lean:1073:8: declaration uses 'sorry'",
   "level": "warning"},
  {"message": "././././CakeML/Core/Misc.lean:1074:8: declaration uses 'sorry'",
   "level": "warning"},
  {"message": "././././CakeML/Core/Misc.lean:1078:8: declaration uses 'sorry'",
   "level": "warning"},
  {"message": "././././CakeML/Core/Misc.lean:1082:8: declaration uses 'sorry'",
   "level": "warning"},
  {"message": "././././CakeML/Core/Misc.lean:1083:8: declaration uses 'sorry'",
   "level": "warning"},
  {"message": "././././CakeML/Core/Misc.lean:1087:8: declaration uses 'sorry'",
   "level": "warning"},
  {"message": "././././CakeML/Core/Misc.lean:1091:8: declaration uses 'sorry'",
   "level": "warning"},
  {"message": "././././CakeML/Core/Misc.lean:1095:8: declaration uses 'sorry'",
   "level": "warning"},
  {"message": "././././CakeML/Core/Misc.lean:1099:8: declaration uses 'sorry'",
   "level": "warning"},
  {"message": "././././CakeML/Core/Misc.lean:1100:8: declaration uses 'sorry'",
   "level": "warning"},
  {"message": "././././CakeML/Core/Misc.lean:1101:8: declaration uses 'sorry'",
   "level": "warning"},
  {"message": "././././CakeML/Core/Misc.lean:1105:8: declaration uses 'sorry'",
   "level": "warning"},
  {"message": "././././CakeML/Core/Misc.lean:1109:8: declaration uses 'sorry'",
   "level": "warning"},
  {"message": "././././CakeML/Core/Misc.lean:1110:8: declaration uses 'sorry'",
   "level": "warning"},
  {"message": "././././CakeML/Core/Misc.lean:1114:8: declaration uses 'sorry'",
   "level": "warning"},
  {"message": "././././CakeML/Core/Misc.lean:1118:8: declaration uses 'sorry'",
   "level": "warning"},
  {"message": "././././CakeML/Core/Misc.lean:1119:8: declaration uses 'sorry'",
   "level": "warning"},
  {"message": "././././CakeML/Core/Misc.lean:1123:8: declaration uses 'sorry'",
   "level": "warning"},
  {"message": "././././CakeML/Core/Misc.lean:1127:8: declaration uses 'sorry'",
   "level": "warning"},
  {"message": "././././CakeML/Core/Misc.lean:1128:8: declaration uses 'sorry'",
   "level": "warning"},
  {"message": "././././CakeML/Core/Misc.lean:1129:8: declaration uses 'sorry'",
   "level": "warning"},
  {"message": "././././CakeML/Core/Misc.lean:1133:8: declaration uses 'sorry'",
   "level": "warning"},
  {"message": "././././CakeML/Core/Misc.lean:1137:8: declaration uses 'sorry'",
   "level": "warning"},
  {"message": "././././CakeML/Core/Misc.lean:1138:8: declaration uses 'sorry'",
   "level": "warning"},
  {"message": "././././CakeML/Core/Misc.lean:1142:8: declaration uses 'sorry'",
   "level": "warning"},
  {"message": "././././CakeML/Core/Misc.lean:1143:8: declaration uses 'sorry'",
   "level": "warning"},
  {"message": "././././CakeML/Core/Misc.lean:1144:8: declaration uses 'sorry'",
   "level": "warning"},
  {"message": "././././CakeML/Core/Misc.lean:1145:8: declaration uses 'sorry'",
   "level": "warning"},
  {"message": "././././CakeML/Core/Misc.lean:1149:8: declaration uses 'sorry'",
   "level": "warning"},
  {"message": "././././CakeML/Core/Misc.lean:1150:8: declaration uses 'sorry'",
   "level": "warning"},
  {"message": "././././CakeML/Core/Misc.lean:1154:8: declaration uses 'sorry'",
   "level": "warning"},
  {"message": "././././CakeML/Core/Misc.lean:1155:8: declaration uses 'sorry'",
   "level": "warning"},
  {"message": "././././CakeML/Core/Misc.lean:1159:8: declaration uses 'sorry'",
   "level": "warning"},
  {"message": "././././CakeML/Core/Misc.lean:1162:8: declaration uses 'sorry'",
   "level": "warning"},
  {"message": "././././CakeML/Core/Misc.lean:1164:8: declaration uses 'sorry'",
   "level": "warning"},
  {"message": "././././CakeML/Core/Misc.lean:1168:8: declaration uses 'sorry'",
   "level": "warning"},
  {"message": "././././CakeML/Core/Misc.lean:1169:8: declaration uses 'sorry'",
   "level": "warning"},
  {"message": "././././CakeML/Core/Misc.lean:1170:8: declaration uses 'sorry'",
   "level": "warning"},
  {"message": "././././CakeML/Core/Misc.lean:1171:8: declaration uses 'sorry'",
   "level": "warning"},
  {"message": "././././CakeML/Core/Misc.lean:1175:8: declaration uses 'sorry'",
   "level": "warning"},
  {"message": "././././CakeML/Core/Misc.lean:1179:8: declaration uses 'sorry'",
   "level": "warning"},
  {"message": "././././CakeML/Core/Misc.lean:1185:8: declaration uses 'sorry'",
   "level": "warning"},
  {"message": "././././CakeML/Core/Misc.lean:1189:8: declaration uses 'sorry'",
   "level": "warning"},
  {"message": "././././CakeML/Core/Misc.lean:1193:8: declaration uses 'sorry'",
   "level": "warning"},
  {"message": "././././CakeML/Core/Misc.lean:1197:8: declaration uses 'sorry'",
   "level": "warning"},
  {"message": "././././CakeML/Core/Misc.lean:1200:8: declaration uses 'sorry'",
   "level": "warning"},
  {"message": "././././CakeML/Core/Misc.lean:1203:8: declaration uses 'sorry'",
   "level": "warning"},
  {"message": "././././CakeML/Core/Misc.lean:1204:8: declaration uses 'sorry'",
   "level": "warning"},
  {"message": "././././CakeML/Core/Misc.lean:1205:8: declaration uses 'sorry'",
   "level": "warning"},
  {"message": "././././CakeML/Core/Misc.lean:1206:8: declaration uses 'sorry'",
   "level": "warning"},
  {"message": "././././CakeML/Core/Misc.lean:1207:8: declaration uses 'sorry'",
   "level": "warning"},
  {"message": "././././CakeML/Core/Misc.lean:1208:8: declaration uses 'sorry'",
   "level": "warning"},
  {"message": "././././CakeML/Core/Misc.lean:1209:8: declaration uses 'sorry'",
   "level": "warning"},
  {"message": "././././CakeML/Core/Misc.lean:1210:8: declaration uses 'sorry'",
   "level": "warning"},
  {"message": "././././CakeML/Core/Misc.lean:1211:8: declaration uses 'sorry'",
   "level": "warning"},
  {"message": "././././CakeML/Core/Misc.lean:1212:8: declaration uses 'sorry'",
   "level": "warning"},
  {"message": "././././CakeML/Core/Misc.lean:1213:8: declaration uses 'sorry'",
   "level": "warning"},
  {"message": "././././CakeML/Core/Misc.lean:1217:8: declaration uses 'sorry'",
   "level": "warning"},
  {"message": "././././CakeML/Core/Misc.lean:1221:8: declaration uses 'sorry'",
   "level": "warning"},
  {"message": "././././CakeML/Core/Misc.lean:1226:8: declaration uses 'sorry'",
   "level": "warning"},
  {"message": "././././CakeML/Core/Misc.lean:1230:8: declaration uses 'sorry'",
   "level": "warning"},
  {"message": "././././CakeML/Core/Misc.lean:1231:8: declaration uses 'sorry'",
   "level": "warning"},
  {"message": "././././CakeML/Core/Misc.lean:1232:8: declaration uses 'sorry'",
   "level": "warning"},
  {"message": "././././CakeML/Core/Misc.lean:1236:8: declaration uses 'sorry'",
   "level": "warning"},
  {"message": "././././CakeML/Core/Misc.lean:1237:8: declaration uses 'sorry'",
   "level": "warning"},
  {"message": "././././CakeML/Core/Misc.lean:1241:8: declaration uses 'sorry'",
   "level": "warning"},
  {"message": "././././CakeML/Core/Misc.lean:1242:8: declaration uses 'sorry'",
   "level": "warning"},
  {"message": "././././CakeML/Core/Misc.lean:1246:8: declaration uses 'sorry'",
   "level": "warning"},
  {"message": "././././CakeML/Core/Misc.lean:1247:8: declaration uses 'sorry'",
   "level": "warning"},
  {"message": "././././CakeML/Core/Misc.lean:1248:8: declaration uses 'sorry'",
   "level": "warning"},
  {"message": "././././CakeML/Core/Misc.lean:1252:8: declaration uses 'sorry'",
   "level": "warning"},
  {"message": "././././CakeML/Core/Misc.lean:1256:8: declaration uses 'sorry'",
   "level": "warning"},
  {"message": "././././CakeML/Core/Misc.lean:1257:8: declaration uses 'sorry'",
   "level": "warning"},
  {"message": "././././CakeML/Core/Misc.lean:1258:8: declaration uses 'sorry'",
   "level": "warning"},
  {"message": "././././CakeML/Core/Misc.lean:1262:8: declaration uses 'sorry'",
   "level": "warning"},
  {"message": "././././CakeML/Core/Misc.lean:1268:8: declaration uses 'sorry'",
   "level": "warning"},
  {"message": "././././CakeML/Core/Misc.lean:1269:8: declaration uses 'sorry'",
   "level": "warning"},
  {"message": "././././CakeML/Core/Misc.lean:1273:8: declaration uses 'sorry'",
   "level": "warning"},
  {"message": "././././CakeML/Core/Misc.lean:1274:8: declaration uses 'sorry'",
   "level": "warning"},
  {"message": "././././CakeML/Core/Misc.lean:1275:8: declaration uses 'sorry'",
   "level": "warning"},
  {"message": "././././CakeML/Core/Misc.lean:1276:8: declaration uses 'sorry'",
   "level": "warning"},
  {"message": "././././CakeML/Core/Misc.lean:1277:8: declaration uses 'sorry'",
   "level": "warning"},
  {"message": "././././CakeML/Core/Misc.lean:1278:8: declaration uses 'sorry'",
   "level": "warning"},
  {"message": "././././CakeML/Core/Misc.lean:1279:8: declaration uses 'sorry'",
   "level": "warning"},
  {"message": "././././CakeML/Core/Misc.lean:1283:8: declaration uses 'sorry'",
   "level": "warning"},
  {"message": "././././CakeML/Core/Misc.lean:1284:8: declaration uses 'sorry'",
   "level": "warning"},
  {"message": "././././CakeML/Core/Misc.lean:1285:8: declaration uses 'sorry'",
   "level": "warning"},
  {"message": "././././CakeML/Core/Misc.lean:1286:8: declaration uses 'sorry'",
   "level": "warning"},
  {"message": "././././CakeML/Core/Misc.lean:1287:8: declaration uses 'sorry'",
   "level": "warning"},
  {"message": "././././CakeML/Core/Misc.lean:1288:8: declaration uses 'sorry'",
   "level": "warning"},
  {"message": "././././CakeML/Core/Misc.lean:1289:8: declaration uses 'sorry'",
   "level": "warning"},
  {"message": "././././CakeML/Core/Misc.lean:1290:8: declaration uses 'sorry'",
   "level": "warning"},
  {"message": "././././CakeML/Core/Misc.lean:1291:8: declaration uses 'sorry'",
   "level": "warning"},
  {"message": "././././CakeML/Core/Misc.lean:1292:8: declaration uses 'sorry'",
   "level": "warning"},
  {"message": "././././CakeML/Core/Misc.lean:1293:8: declaration uses 'sorry'",
   "level": "warning"},
  {"message": "././././CakeML/Core/Misc.lean:1297:8: declaration uses 'sorry'",
   "level": "warning"},
  {"message": "././././CakeML/Core/Misc.lean:1298:8: declaration uses 'sorry'",
   "level": "warning"},
  {"message": "././././CakeML/Core/Misc.lean:1299:8: declaration uses 'sorry'",
   "level": "warning"},
  {"message": "././././CakeML/Core/Misc.lean:1300:8: declaration uses 'sorry'",
   "level": "warning"},
  {"message": "././././CakeML/Core/Misc.lean:1304:8: declaration uses 'sorry'",
   "level": "warning"},
  {"message": "././././CakeML/Core/Misc.lean:1308:8: declaration uses 'sorry'",
   "level": "warning"},
  {"message": "././././CakeML/Core/Misc.lean:1309:8: declaration uses 'sorry'",
   "level": "warning"},
  {"message": "././././CakeML/Core/Misc.lean:1313:8: declaration uses 'sorry'",
   "level": "warning"},
  {"message": "././././CakeML/Core/Misc.lean:1314:8: declaration uses 'sorry'",
   "level": "warning"},
  {"message": "././././CakeML/Core/Misc.lean:1315:8: declaration uses 'sorry'",
   "level": "warning"},
  {"message": "././././CakeML/Core/Misc.lean:1316:8: declaration uses 'sorry'",
   "level": "warning"},
  {"message": "././././CakeML/Core/Misc.lean:1320:8: declaration uses 'sorry'",
   "level": "warning"},
  {"message": "././././CakeML/Core/Misc.lean:1321:8: declaration uses 'sorry'",
   "level": "warning"},
  {"message": "././././CakeML/Core/Misc.lean:1322:8: declaration uses 'sorry'",
   "level": "warning"},
  {"message": "././././CakeML/Core/Misc.lean:1324:8: declaration uses 'sorry'",
   "level": "warning"},
  {"message": "././././CakeML/Core/Misc.lean:1328:8: declaration uses 'sorry'",
   "level": "warning"},
  {"message": "././././CakeML/Core/Misc.lean:1332:8: declaration uses 'sorry'",
   "level": "warning"},
  {"message": "././././CakeML/Core/Misc.lean:1336:8: declaration uses 'sorry'",
   "level": "warning"},
  {"message": "././././CakeML/Core/Misc.lean:1340:8: declaration uses 'sorry'",
   "level": "warning"},
  {"message": "././././CakeML/Core/Misc.lean:1344:8: declaration uses 'sorry'",
   "level": "warning"},
  {"message": "././././CakeML/Core/Misc.lean:1345:8: declaration uses 'sorry'",
   "level": "warning"},
  {"message": "././././CakeML/Core/Misc.lean:1349:8: declaration uses 'sorry'",
   "level": "warning"},
  {"message": "././././CakeML/Core/Misc.lean:1350:8: declaration uses 'sorry'",
   "level": "warning"},
  {"message": "././././CakeML/Core/Misc.lean:1354:8: declaration uses 'sorry'",
   "level": "warning"},
  {"message": "././././CakeML/Core/Misc.lean:1355:8: declaration uses 'sorry'",
   "level": "warning"}],
 "depHash": "16380878649561486046"}