{"log":
 [{"message":
   ".> LEAN_PATH=././.lake/build/lib LD_LIBRARY_PATH=:/usr/local/lib /home/yongkiam/.elan/toolchains/leanprover--lean4---v4.16.0/bin/lean -DautoImplicit=true ././././CakeML/Core/Mllist.lean -R ./././. -o ././.lake/build/lib/CakeML/Core/Mllist.olean -i ././.lake/build/lib/CakeML/Core/Mllist.ilean -c ././.lake/build/ir/CakeML/Core/Mllist.c --json",
   "level": "trace"},
  {"message": "././././CakeML/Core/Mllist.lean:45:8: declaration uses 'sorry'",
   "level": "warning"},
  {"message": "././././CakeML/Core/Mllist.lean:49:8: declaration uses 'sorry'",
   "level": "warning"},
  {"message": "././././CakeML/Core/Mllist.lean:53:8: declaration uses 'sorry'",
   "level": "warning"},
  {"message": "././././CakeML/Core/Mllist.lean:57:8: declaration uses 'sorry'",
   "level": "warning"},
  {"message": "././././CakeML/Core/Mllist.lean:61:8: declaration uses 'sorry'",
   "level": "warning"},
  {"message": "././././CakeML/Core/Mllist.lean:65:8: declaration uses 'sorry'",
   "level": "warning"},
  {"message": "././././CakeML/Core/Mllist.lean:69:8: declaration uses 'sorry'",
   "level": "warning"},
  {"message": "././././CakeML/Core/Mllist.lean:72:8: declaration uses 'sorry'",
   "level": "warning"},
  {"message": "././././CakeML/Core/Mllist.lean:76:8: declaration uses 'sorry'",
   "level": "warning"},
  {"message": "././././CakeML/Core/Mllist.lean:80:8: declaration uses 'sorry'",
   "level": "warning"},
  {"message": "././././CakeML/Core/Mllist.lean:84:8: declaration uses 'sorry'",
   "level": "warning"},
  {"message": "././././CakeML/Core/Mllist.lean:90:8: declaration uses 'sorry'",
   "level": "warning"},
  {"message": "././././CakeML/Core/Mllist.lean:93:8: declaration uses 'sorry'",
   "level": "warning"},
  {"message": "././././CakeML/Core/Mllist.lean:96:8: declaration uses 'sorry'",
   "level": "warning"},
  {"message": "././././CakeML/Core/Mllist.lean:99:8: declaration uses 'sorry'",
   "level": "warning"},
  {"message": "././././CakeML/Core/Mllist.lean:102:8: declaration uses 'sorry'",
   "level": "warning"},
  {"message": "././././CakeML/Core/Mllist.lean:105:8: declaration uses 'sorry'",
   "level": "warning"},
  {"message": "././././CakeML/Core/Mllist.lean:108:8: declaration uses 'sorry'",
   "level": "warning"},
  {"message": "././././CakeML/Core/Mllist.lean:149:8: declaration uses 'sorry'",
   "level": "warning"},
  {"message": "././././CakeML/Core/Mllist.lean:152:8: declaration uses 'sorry'",
   "level": "warning"},
  {"message": "././././CakeML/Core/Mllist.lean:163:8: declaration uses 'sorry'",
   "level": "warning"},
  {"message": "././././CakeML/Core/Mllist.lean:166:8: declaration uses 'sorry'",
   "level": "warning"},
  {"message": "././././CakeML/Core/Mllist.lean:169:8: declaration uses 'sorry'",
   "level": "warning"},
  {"message": "././././CakeML/Core/Mllist.lean:185:8: declaration uses 'sorry'",
   "level": "warning"},
  {"message": "././././CakeML/Core/Mllist.lean:188:8: declaration uses 'sorry'",
   "level": "warning"},
  {"message": "././././CakeML/Core/Mllist.lean:191:8: declaration uses 'sorry'",
   "level": "warning"},
  {"message": "././././CakeML/Core/Mllist.lean:210:8: declaration uses 'sorry'",
   "level": "warning"},
  {"message": "././././CakeML/Core/Mllist.lean:213:8: declaration uses 'sorry'",
   "level": "warning"},
  {"message": "././././CakeML/Core/Mllist.lean:216:8: declaration uses 'sorry'",
   "level": "warning"},
  {"message": "././././CakeML/Core/Mllist.lean:236:8: declaration uses 'sorry'",
   "level": "warning"},
  {"message": "././././CakeML/Core/Mllist.lean:239:8: declaration uses 'sorry'",
   "level": "warning"},
  {"message": "././././CakeML/Core/Mllist.lean:253:8: declaration uses 'sorry'",
   "level": "warning"},
  {"message": "././././CakeML/Core/Mllist.lean:256:8: declaration uses 'sorry'",
   "level": "warning"},
  {"message": "././././CakeML/Core/Mllist.lean:259:8: declaration uses 'sorry'",
   "level": "warning"},
  {"message": "././././CakeML/Core/Mllist.lean:266:8: declaration uses 'sorry'",
   "level": "warning"},
  {"message": "././././CakeML/Core/Mllist.lean:276:8: declaration uses 'sorry'",
   "level": "warning"},
  {"message": "././././CakeML/Core/Mllist.lean:279:8: declaration uses 'sorry'",
   "level": "warning"},
  {"message": "././././CakeML/Core/Mllist.lean:293:8: declaration uses 'sorry'",
   "level": "warning"},
  {"message": "././././CakeML/Core/Mllist.lean:296:8: declaration uses 'sorry'",
   "level": "warning"},
  {"message": "././././CakeML/Core/Mllist.lean:312:8: declaration uses 'sorry'",
   "level": "warning"},
  {"message": "././././CakeML/Core/Mllist.lean:315:8: declaration uses 'sorry'",
   "level": "warning"},
  {"message": "././././CakeML/Core/Mllist.lean:330:8: declaration uses 'sorry'",
   "level": "warning"},
  {"message": "././././CakeML/Core/Mllist.lean:333:8: declaration uses 'sorry'",
   "level": "warning"}],
 "depHash": "4777646153600411735"}