{"log":
 [{"message":
   ".> LEAN_PATH=././.lake/build/lib LD_LIBRARY_PATH=:/usr/local/lib /home/yongkiam/.elan/toolchains/leanprover--lean4---v4.16.0/bin/lean -DautoImplicit=true ././././CakeML/Core/Mlstring.lean -R ./././. -o ././.lake/build/lib/CakeML/Core/Mlstring.olean -i ././.lake/build/lib/CakeML/Core/Mlstring.ilean -c ././.lake/build/ir/CakeML/Core/Mlstring.c --json",
   "level": "trace"},
  {"message":
   "././././CakeML/Core/Mlstring.lean:37:10: `List.bind` has been deprecated: use `List.flatMap` instead",
   "level": "warning"},
  {"message":
   "././././CakeML/Core/Mlstring.lean:179:21: `List.bind` has been deprecated: use `List.flatMap` instead",
   "level": "warning"},
  {"message":
   "././././CakeML/Core/Mlstring.lean:197:8: declaration uses 'sorry'",
   "level": "warning"},
  {"message":
   "././././CakeML/Core/Mlstring.lean:198:8: declaration uses 'sorry'",
   "level": "warning"},
  {"message":
   "././././CakeML/Core/Mlstring.lean:199:8: declaration uses 'sorry'",
   "level": "warning"},
  {"message":
   "././././CakeML/Core/Mlstring.lean:200:8: declaration uses 'sorry'",
   "level": "warning"},
  {"message":
   "././././CakeML/Core/Mlstring.lean:201:8: declaration uses 'sorry'",
   "level": "warning"},
  {"message":
   "././././CakeML/Core/Mlstring.lean:202:8: declaration uses 'sorry'",
   "level": "warning"},
  {"message":
   "././././CakeML/Core/Mlstring.lean:203:41: `List.bind` has been deprecated: use `List.flatMap` instead",
   "level": "warning"},
  {"message":
   "././././CakeML/Core/Mlstring.lean:203:8: declaration uses 'sorry'",
   "level": "warning"},
  {"message":
   "././././CakeML/Core/Mlstring.lean:204:8: declaration uses 'sorry'",
   "level": "warning"},
  {"message":
   "././././CakeML/Core/Mlstring.lean:205:8: declaration uses 'sorry'",
   "level": "warning"},
  {"message":
   "././././CakeML/Core/Mlstring.lean:206:8: declaration uses 'sorry'",
   "level": "warning"},
  {"message":
   "././././CakeML/Core/Mlstring.lean:207:8: declaration uses 'sorry'",
   "level": "warning"},
  {"message":
   "././././CakeML/Core/Mlstring.lean:208:8: declaration uses 'sorry'",
   "level": "warning"},
  {"message":
   "././././CakeML/Core/Mlstring.lean:209:8: declaration uses 'sorry'",
   "level": "warning"},
  {"message":
   "././././CakeML/Core/Mlstring.lean:210:8: declaration uses 'sorry'",
   "level": "warning"},
  {"message":
   "././././CakeML/Core/Mlstring.lean:211:8: declaration uses 'sorry'",
   "level": "warning"},
  {"message":
   "././././CakeML/Core/Mlstring.lean:212:8: declaration uses 'sorry'",
   "level": "warning"},
  {"message":
   "././././CakeML/Core/Mlstring.lean:213:8: declaration uses 'sorry'",
   "level": "warning"},
  {"message":
   "././././CakeML/Core/Mlstring.lean:214:8: declaration uses 'sorry'",
   "level": "warning"},
  {"message":
   "././././CakeML/Core/Mlstring.lean:215:8: declaration uses 'sorry'",
   "level": "warning"},
  {"message":
   "././././CakeML/Core/Mlstring.lean:216:8: declaration uses 'sorry'",
   "level": "warning"},
  {"message":
   "././././CakeML/Core/Mlstring.lean:217:8: declaration uses 'sorry'",
   "level": "warning"},
  {"message":
   "././././CakeML/Core/Mlstring.lean:218:8: declaration uses 'sorry'",
   "level": "warning"},
  {"message":
   "././././CakeML/Core/Mlstring.lean:219:8: declaration uses 'sorry'",
   "level": "warning"},
  {"message":
   "././././CakeML/Core/Mlstring.lean:220:8: declaration uses 'sorry'",
   "level": "warning"},
  {"message":
   "././././CakeML/Core/Mlstring.lean:221:8: declaration uses 'sorry'",
   "level": "warning"},
  {"message":
   "././././CakeML/Core/Mlstring.lean:222:8: declaration uses 'sorry'",
   "level": "warning"},
  {"message":
   "././././CakeML/Core/Mlstring.lean:223:8: declaration uses 'sorry'",
   "level": "warning"},
  {"message":
   "././././CakeML/Core/Mlstring.lean:224:8: declaration uses 'sorry'",
   "level": "warning"},
  {"message":
   "././././CakeML/Core/Mlstring.lean:225:8: declaration uses 'sorry'",
   "level": "warning"},
  {"message":
   "././././CakeML/Core/Mlstring.lean:226:8: declaration uses 'sorry'",
   "level": "warning"},
  {"message":
   "././././CakeML/Core/Mlstring.lean:227:8: declaration uses 'sorry'",
   "level": "warning"},
  {"message":
   "././././CakeML/Core/Mlstring.lean:228:8: declaration uses 'sorry'",
   "level": "warning"},
  {"message":
   "././././CakeML/Core/Mlstring.lean:229:8: declaration uses 'sorry'",
   "level": "warning"},
  {"message":
   "././././CakeML/Core/Mlstring.lean:230:8: declaration uses 'sorry'",
   "level": "warning"},
  {"message":
   "././././CakeML/Core/Mlstring.lean:231:8: declaration uses 'sorry'",
   "level": "warning"},
  {"message":
   "././././CakeML/Core/Mlstring.lean:232:8: declaration uses 'sorry'",
   "level": "warning"},
  {"message":
   "././././CakeML/Core/Mlstring.lean:233:8: declaration uses 'sorry'",
   "level": "warning"},
  {"message":
   "././././CakeML/Core/Mlstring.lean:234:8: declaration uses 'sorry'",
   "level": "warning"},
  {"message":
   "././././CakeML/Core/Mlstring.lean:235:8: declaration uses 'sorry'",
   "level": "warning"},
  {"message":
   "././././CakeML/Core/Mlstring.lean:236:8: declaration uses 'sorry'",
   "level": "warning"},
  {"message":
   "././././CakeML/Core/Mlstring.lean:237:8: declaration uses 'sorry'",
   "level": "warning"},
  {"message":
   "././././CakeML/Core/Mlstring.lean:238:8: declaration uses 'sorry'",
   "level": "warning"},
  {"message":
   "././././CakeML/Core/Mlstring.lean:239:8: declaration uses 'sorry'",
   "level": "warning"},
  {"message":
   "././././CakeML/Core/Mlstring.lean:240:8: declaration uses 'sorry'",
   "level": "warning"},
  {"message":
   "././././CakeML/Core/Mlstring.lean:241:8: declaration uses 'sorry'",
   "level": "warning"},
  {"message":
   "././././CakeML/Core/Mlstring.lean:242:8: declaration uses 'sorry'",
   "level": "warning"},
  {"message":
   "././././CakeML/Core/Mlstring.lean:243:8: declaration uses 'sorry'",
   "level": "warning"},
  {"message":
   "././././CakeML/Core/Mlstring.lean:244:8: declaration uses 'sorry'",
   "level": "warning"},
  {"message":
   "././././CakeML/Core/Mlstring.lean:245:8: declaration uses 'sorry'",
   "level": "warning"},
  {"message":
   "././././CakeML/Core/Mlstring.lean:246:8: declaration uses 'sorry'",
   "level": "warning"},
  {"message":
   "././././CakeML/Core/Mlstring.lean:247:8: declaration uses 'sorry'",
   "level": "warning"},
  {"message":
   "././././CakeML/Core/Mlstring.lean:248:8: declaration uses 'sorry'",
   "level": "warning"}],
 "depHash": "18187096513293726706"}