{"log":
 [{"message":
   ".> LEAN_PATH=././.lake/build/lib LD_LIBRARY_PATH=:/usr/local/lib /home/yongkiam/.elan/toolchains/leanprover--lean4---v4.16.0/bin/lean -DautoImplicit=true ././././CakeML/Core/TypeSound.lean -R ./././. -o ././.lake/build/lib/CakeML/Core/TypeSound.olean -i ././.lake/build/lib/CakeML/Core/TypeSound.ilean -c ././.lake/build/ir/CakeML/Core/TypeSound.c --json",
   "level": "trace"},
  {"message":
   "././././CakeML/Core/TypeSound.lean:19:8: declaration uses 'sorry'",
   "level": "warning"},
  {"message":
   "././././CakeML/Core/TypeSound.lean:23:8: declaration uses 'sorry'",
   "level": "warning"},
  {"message":
   "././././CakeML/Core/TypeSound.lean:25:8: declaration uses 'sorry'",
   "level": "warning"},
  {"message":
   "././././CakeML/Core/TypeSound.lean:28:8: declaration uses 'sorry'",
   "level": "warning"},
  {"message":
   "././././CakeML/Core/TypeSound.lean:34:8: declaration uses 'sorry'",
   "level": "warning"},
  {"message":
   "././././CakeML/Core/TypeSound.lean:36:8: declaration uses 'sorry'",
   "level": "warning"},
  {"message":
   "././././CakeML/Core/TypeSound.lean:42:8: declaration uses 'sorry'",
   "level": "warning"},
  {"message":
   "././././CakeML/Core/TypeSound.lean:58:8: declaration uses 'sorry'",
   "level": "warning"},
  {"message":
   "././././CakeML/Core/TypeSound.lean:62:8: declaration uses 'sorry'",
   "level": "warning"},
  {"message":
   "././././CakeML/Core/TypeSound.lean:65:8: declaration uses 'sorry'",
   "level": "warning"},
  {"message":
   "././././CakeML/Core/TypeSound.lean:74:8: declaration uses 'sorry'",
   "level": "warning"},
  {"message":
   "././././CakeML/Core/TypeSound.lean:76:8: declaration uses 'sorry'",
   "level": "warning"},
  {"message":
   "././././CakeML/Core/TypeSound.lean:78:8: declaration uses 'sorry'",
   "level": "warning"},
  {"message":
   "././././CakeML/Core/TypeSound.lean:84:8: declaration uses 'sorry'",
   "level": "warning"},
  {"message":
   "././././CakeML/Core/TypeSound.lean:86:8: declaration uses 'sorry'",
   "level": "warning"},
  {"message":
   "././././CakeML/Core/TypeSound.lean:92:8: declaration uses 'sorry'",
   "level": "warning"},
  {"message":
   "././././CakeML/Core/TypeSound.lean:94:8: declaration uses 'sorry'",
   "level": "warning"},
  {"message":
   "././././CakeML/Core/TypeSound.lean:100:8: declaration uses 'sorry'",
   "level": "warning"},
  {"message":
   "././././CakeML/Core/TypeSound.lean:106:8: declaration uses 'sorry'",
   "level": "warning"},
  {"message":
   "././././CakeML/Core/TypeSound.lean:108:8: declaration uses 'sorry'",
   "level": "warning"},
  {"message":
   "././././CakeML/Core/TypeSound.lean:114:8: declaration uses 'sorry'",
   "level": "warning"},
  {"message":
   "././././CakeML/Core/TypeSound.lean:120:8: declaration uses 'sorry'",
   "level": "warning"},
  {"message":
   "././././CakeML/Core/TypeSound.lean:126:8: declaration uses 'sorry'",
   "level": "warning"},
  {"message":
   "././././CakeML/Core/TypeSound.lean:128:8: declaration uses 'sorry'",
   "level": "warning"},
  {"message":
   "././././CakeML/Core/TypeSound.lean:134:8: declaration uses 'sorry'",
   "level": "warning"},
  {"message":
   "././././CakeML/Core/TypeSound.lean:140:8: declaration uses 'sorry'",
   "level": "warning"},
  {"message":
   "././././CakeML/Core/TypeSound.lean:142:8: declaration uses 'sorry'",
   "level": "warning"},
  {"message":
   "././././CakeML/Core/TypeSound.lean:148:8: declaration uses 'sorry'",
   "level": "warning"},
  {"message":
   "././././CakeML/Core/TypeSound.lean:150:8: declaration uses 'sorry'",
   "level": "warning"},
  {"message":
   "././././CakeML/Core/TypeSound.lean:160:8: declaration uses 'sorry'",
   "level": "warning"}],
 "depHash": "9132473314109204997"}